[0m00:44:33.780025 [debug] [MainThread]: Sending event: {'category': 'dbt', 'action': 'invocation', 'label': 'start', 'context': [<snowplow_tracker.self_describing_json.SelfDescribingJson object at 0x7efd28ed76a0>, <snowplow_tracker.self_describing_json.SelfDescribingJson object at 0x7efd26db3b80>, <snowplow_tracker.self_describing_json.SelfDescribingJson object at 0x7efd26db3b20>]}


============================== 00:44:33.782783 | f3057f89-b779-4a52-bf1e-bd56b3d324a1 ==============================
[0m00:44:33.782783 [info ] [MainThread]: Running with dbt=1.7.3
[0m00:44:33.783479 [debug] [MainThread]: running dbt with arguments {'printer_width': '80', 'indirect_selection': 'eager', 'log_cache_events': 'False', 'write_json': 'True', 'partial_parse': 'True', 'cache_selected_only': 'False', 'profiles_dir': '/home/vscode/.dbt', 'version_check': 'True', 'warn_error': 'None', 'log_path': 'logs', 'debug': 'False', 'fail_fast': 'False', 'use_colors': 'True', 'use_experimental_parser': 'False', 'no_print': 'None', 'quiet': 'False', 'warn_error_options': 'WarnErrorOptions(include=[], exclude=[])', 'introspect': 'True', 'invocation_command': 'dbt init', 'static_parser': 'True', 'target_path': 'None', 'log_format': 'default', 'send_anonymous_usage_stats': 'True'}
[0m00:44:33.783999 [warn ] [MainThread]: [ConfigFolderDirectory]: Unable to parse dict {'dir': PosixPath('/home/vscode/.dbt')}
[0m00:44:33.784499 [info ] [MainThread]: Creating dbt configuration folder at 
[0m00:45:06.454535 [debug] [MainThread]: Starter project path: /home/vscode/.local/lib/python3.10/site-packages/dbt/include/starter_project
[0m00:45:06.459264 [info ] [MainThread]: 
Your new dbt project "coffee_shop_barbara" was created!

For more information on how to configure the profiles.yml file,
please consult the dbt documentation here:

  https://docs.getdbt.com/docs/configure-your-profile

One more thing:

Need help? Don't hesitate to reach out to us via GitHub issues or on Slack:

  https://community.getdbt.com/

Happy modeling!

[0m00:45:06.460104 [info ] [MainThread]: Setting up your profile.
[0m00:45:57.120559 [info ] [MainThread]: Profile coffee_shop_barbara written to /home/vscode/.dbt/profiles.yml using target's profile_template.yml and your supplied values. Run 'dbt debug' to validate the connection.
[0m00:45:57.121986 [debug] [MainThread]: Resource report: {"command_name": "init", "command_success": true, "command_wall_clock_time": 83.34474, "process_user_time": 2.061591, "process_kernel_time": 0.183489, "process_mem_max_rss": "111924", "process_in_blocks": "72", "process_out_blocks": "88"}
[0m00:45:57.122656 [debug] [MainThread]: Command `dbt init` succeeded at 00:45:57.122502 after 83.35 seconds
[0m00:45:57.123112 [debug] [MainThread]: Sending event: {'category': 'dbt', 'action': 'invocation', 'label': 'end', 'context': [<snowplow_tracker.self_describing_json.SelfDescribingJson object at 0x7efd28ed76a0>, <snowplow_tracker.self_describing_json.SelfDescribingJson object at 0x7efd25626050>, <snowplow_tracker.self_describing_json.SelfDescribingJson object at 0x7efd25626d10>]}
[0m00:45:57.123589 [debug] [MainThread]: Flushing usage events
